2021-07-24 09:53:18,733 — DfHelper — DEBUG — file read as csv
2021-07-24 09:53:18,770 — DfHelper — INFO — file saved as csv
2021-07-24 10:02:39,781 — DfHelper — DEBUG — file read as csv
2021-07-24 10:02:39,831 — DfHelper — INFO — file saved as csv
2021-07-24 13:01:45,504 — DfHelper — DEBUG — file read as csv
2021-07-24 13:01:45,544 — DfHelper — INFO — file saved as csv
2021-07-24 13:19:07,368 — Create Dataset Versions — ERROR — 
      You must pass aggregate column and The index of Aggregated column
      Aggregate column: Insert 0 for browser 1 for platform_os
      Index: The index of column based on 
    
NoneType: None
2021-07-24 13:26:41,561 — Create Dataset Versions — ERROR — 
      You must pass aggregate column and The index of Aggregated column
      Aggregate column: Insert 0 for browser 1 for platform_os
      Index: The index of column based on 
    
NoneType: None
2021-07-24 14:29:19,769 — DfHelper — INFO — file saved as csv
2021-07-24 16:17:24,535 — DfHelper — DEBUG — file read as csv
2021-07-24 16:17:24,538 — DfHelper — DEBUG — file read as csv
2021-07-24 16:30:41,249 — DfHelper — DEBUG — file read as csv
2021-07-24 16:30:41,253 — DfHelper — DEBUG — file read as csv
2021-07-24 16:42:12,181 — DfHelper — DEBUG — file read as csv
2021-07-24 16:42:12,184 — DfHelper — DEBUG — file read as csv
2021-07-24 16:45:12,345 — DfHelper — DEBUG — file read as csv
2021-07-24 16:45:12,348 — DfHelper — DEBUG — file read as csv
2021-07-24 16:48:45,793 — DfHelper — DEBUG — file read as csv
2021-07-24 16:48:45,797 — DfHelper — DEBUG — file read as csv
2021-07-24 16:53:31,080 — DfHelper — DEBUG — file read as csv
2021-07-24 16:53:31,084 — DfHelper — DEBUG — file read as csv
2021-07-24 16:54:00,213 — DfHelper — DEBUG — file read as csv
2021-07-24 16:54:00,215 — DfHelper — DEBUG — file read as csv
2021-07-24 16:59:40,730 — DfHelper — DEBUG — file read as csv
2021-07-24 16:59:40,738 — DfHelper — DEBUG — file read as csv
2021-07-24 17:16:37,469 — DfHelper — DEBUG — file read as csv
2021-07-24 17:16:37,472 — DfHelper — DEBUG — file read as csv
2021-07-24 17:16:37,621 — DfHelper — DEBUG — file read as csv
2021-07-24 17:16:37,623 — DfHelper — DEBUG — file read as csv
2021-07-24 17:21:59,802 — DfHelper — DEBUG — file read as csv
2021-07-24 17:21:59,805 — DfHelper — DEBUG — file read as csv
2021-07-24 17:21:59,968 — DfHelper — DEBUG — file read as csv
2021-07-24 17:21:59,970 — DfHelper — DEBUG — file read as csv
2021-07-24 17:24:08,777 — DfHelper — DEBUG — file read as csv
2021-07-24 17:24:08,780 — DfHelper — DEBUG — file read as csv
2021-07-24 17:24:08,935 — DfHelper — DEBUG — file read as csv
2021-07-24 17:24:08,938 — DfHelper — DEBUG — file read as csv
2021-07-24 17:24:56,135 — DfHelper — DEBUG — file read as csv
2021-07-24 17:24:56,138 — DfHelper — DEBUG — file read as csv
2021-07-24 17:24:56,347 — DfHelper — DEBUG — file read as csv
2021-07-24 17:24:56,349 — DfHelper — DEBUG — file read as csv
2021-07-24 17:25:37,440 — DfHelper — DEBUG — file read as csv
2021-07-24 17:25:37,443 — DfHelper — DEBUG — file read as csv
2021-07-24 17:25:37,594 — DfHelper — DEBUG — file read as csv
2021-07-24 17:25:37,596 — DfHelper — DEBUG — file read as csv
2021-07-24 17:25:45,114 — DfHelper — DEBUG — file read as csv
2021-07-24 17:25:45,117 — DfHelper — DEBUG — file read as csv
2021-07-24 17:25:45,270 — DfHelper — DEBUG — file read as csv
2021-07-24 17:25:45,273 — DfHelper — DEBUG — file read as csv
2021-07-24 17:29:18,311 — DfHelper — DEBUG — file read as csv
2021-07-24 17:29:18,315 — DfHelper — DEBUG — file read as csv
2021-07-24 17:29:18,474 — DfHelper — DEBUG — file read as csv
2021-07-24 17:29:18,477 — DfHelper — DEBUG — file read as csv
2021-07-24 17:33:58,438 — DfHelper — DEBUG — file read as csv
2021-07-24 17:33:58,467 — DfHelper — DEBUG — file read as csv
2021-07-24 17:33:58,623 — DfHelper — DEBUG — file read as csv
2021-07-24 17:33:58,625 — DfHelper — DEBUG — file read as csv
2021-07-24 17:34:19,333 — DfHelper — DEBUG — file read as csv
2021-07-24 17:34:19,336 — DfHelper — DEBUG — file read as csv
2021-07-24 17:34:32,781 — DfHelper — DEBUG — file read as csv
2021-07-24 17:34:32,784 — DfHelper — DEBUG — file read as csv
2021-07-24 17:39:59,686 — DfHelper — DEBUG — file read as csv
2021-07-24 17:39:59,689 — DfHelper — DEBUG — file read as csv
2021-07-24 17:39:59,876 — DfHelper — DEBUG — file read as csv
2021-07-24 17:39:59,878 — DfHelper — DEBUG — file read as csv
2021-07-24 17:40:15,258 — DfHelper — DEBUG — file read as csv
2021-07-24 17:40:15,260 — DfHelper — DEBUG — file read as csv
2021-07-24 17:40:24,985 — DfHelper — DEBUG — file read as csv
2021-07-24 17:40:24,987 — DfHelper — DEBUG — file read as csv
